[2020-07-06 10:14:52][debug][warning]:[Swoole\Server::start(): Using Xdebug in coroutines is extremely dangerous, please notice that it may lead to coredump! at file:/devin/easyswoole/vendor/easyswoole/easyswoole/src/ServerManager.php line:117]
[2020-07-06 10:14:52][debug][warning]:[Swoole\Server::start(): Using Xdebug in coroutines is extremely dangerous, please notice that it may lead to coredump! at file:/devin/easyswoole/vendor/easyswoole/easyswoole/src/ServerManager.php line:117]
[2020-07-06 10:14:52][debug][warning]:[Swoole\Server::start(): Using Xdebug in coroutines is extremely dangerous, please notice that it may lead to coredump! at file:/devin/easyswoole/vendor/easyswoole/easyswoole/src/ServerManager.php line:117]
[2020-07-06 10:14:52][debug][warning]:[Swoole\Server::start(): Using Xdebug in coroutines is extremely dangerous, please notice that it may lead to coredump! at file:/devin/easyswoole/vendor/easyswoole/easyswoole/src/ServerManager.php line:117]
[2020-07-06 10:14:52][debug][warning]:[Swoole\Server::start(): Using Xdebug in coroutines is extremely dangerous, please notice that it may lead to coredump! at file:/devin/easyswoole/vendor/easyswoole/easyswoole/src/ServerManager.php line:117]
[2020-07-06 10:14:52][debug][warning]:[Swoole\Server::start(): Using Xdebug in coroutines is extremely dangerous, please notice that it may lead to coredump! at file:/devin/easyswoole/vendor/easyswoole/easyswoole/src/ServerManager.php line:117]
[2020-07-06 10:14:52][debug][warning]:[Swoole\Server::start(): Using Xdebug in coroutines is extremely dangerous, please notice that it may lead to coredump! at file:/devin/easyswoole/vendor/easyswoole/easyswoole/src/ServerManager.php line:117]
[2020-07-06 10:14:52][debug][warning]:[Swoole\Server::start(): Using Xdebug in coroutines is extremely dangerous, please notice that it may lead to coredump! at file:/devin/easyswoole/vendor/easyswoole/easyswoole/src/ServerManager.php line:117]
[2020-07-06 10:14:52][debug][warning]:[Swoole\Server::start(): Using Xdebug in coroutines is extremely dangerous, please notice that it may lead to coredump! at file:/devin/easyswoole/vendor/easyswoole/easyswoole/src/ServerManager.php line:117]
[2020-07-06 10:14:52][debug][warning]:[Swoole\Server::start(): Using Xdebug in coroutines is extremely dangerous, please notice that it may lead to coredump! at file:/devin/easyswoole/vendor/easyswoole/easyswoole/src/ServerManager.php line:117]
[2020-07-06 10:14:52][debug][warning]:[Swoole\Server::start(): Using Xdebug in coroutines is extremely dangerous, please notice that it may lead to coredump! at file:/devin/easyswoole/vendor/easyswoole/easyswoole/src/ServerManager.php line:117]
[2020-07-06 10:14:52][debug][warning]:[Swoole\Server::start(): Using Xdebug in coroutines is extremely dangerous, please notice that it may lead to coredump! at file:/devin/easyswoole/vendor/easyswoole/easyswoole/src/ServerManager.php line:117]
[2020-07-06 10:14:52][debug][warning]:[Swoole\Server::start(): Using Xdebug in coroutines is extremely dangerous, please notice that it may lead to coredump! at file:/devin/easyswoole/vendor/easyswoole/easyswoole/src/ServerManager.php line:117]
[2020-07-06 10:14:52][debug][error]:[EasySwoole\EasySwoole\Bridge\BridgeProcess bind /devin/easyswoole/Temp/bridge.sock fail case Operation not permitted at file:/devin/easyswoole/vendor/easyswoole/component/src/Process/Socket/AbstractUnixProcess.php line:31]
[2020-07-06 10:14:52][debug][error]:[EasySwoole\Task\Worker bind /devin/easyswoole/Temp/EasySwoole.TaskWorker.2.sock fail case Operation not permitted at file:/devin/easyswoole/vendor/easyswoole/component/src/Process/Socket/AbstractUnixProcess.php line:31]
[2020-07-06 10:14:52][debug][error]:[EasySwoole\Task\Worker bind /devin/easyswoole/Temp/EasySwoole.TaskWorker.3.sock fail case Operation not permitted at file:/devin/easyswoole/vendor/easyswoole/component/src/Process/Socket/AbstractUnixProcess.php line:31]
[2020-07-06 10:14:52][debug][error]:[EasySwoole\Task\Worker bind /devin/easyswoole/Temp/EasySwoole.TaskWorker.1.sock fail case Operation not permitted at file:/devin/easyswoole/vendor/easyswoole/component/src/Process/Socket/AbstractUnixProcess.php line:31]
[2020-07-06 10:14:52][debug][error]:[EasySwoole\Task\Worker bind /devin/easyswoole/Temp/EasySwoole.TaskWorker.0.sock fail case Operation not permitted at file:/devin/easyswoole/vendor/easyswoole/component/src/Process/Socket/AbstractUnixProcess.php line:31]
[2020-07-06 10:16:09][debug][error]:[Uncaught EasySwoole\ORM\Exception\Exception: SQLSTATE[28000] [1045] Access denied for user 'testEs'@'210.22.161.114' (using password: YES) in /devin/easyswoole/vendor/easyswoole/orm/src/Db/MysqlPool.php:22
Stack trace:
#0 /devin/easyswoole/vendor/easyswoole/pool/src/AbstractPool.php(295): EasySwoole\ORM\Db\MysqlPool->createObject()
#1 /devin/easyswoole/vendor/easyswoole/pool/src/AbstractPool.php(253): EasySwoole\Pool\AbstractPool->initObject()
#2 /devin/easyswoole/vendor/easyswoole/pool/src/AbstractPool.php(227): EasySwoole\Pool\AbstractPool->keepMin(5)
#3 {main}
  thrown at file:/devin/easyswoole/vendor/easyswoole/orm/src/Db/MysqlPool.php line:22]
[2020-07-06 10:16:09][debug][warning]:[Swoole\Server::start(): Using Xdebug in coroutines is extremely dangerous, please notice that it may lead to coredump! at file:/devin/easyswoole/vendor/easyswoole/easyswoole/src/ServerManager.php line:117]
[2020-07-06 10:18:58][debug][warning]:[Swoole\Server::start(): Using Xdebug in coroutines is extremely dangerous, please notice that it may lead to coredump! at file:/devin/easyswoole/vendor/easyswoole/easyswoole/src/ServerManager.php line:117]
[2020-07-06 10:18:58][debug][warning]:[Swoole\Server::start(): Using Xdebug in coroutines is extremely dangerous, please notice that it may lead to coredump! at file:/devin/easyswoole/vendor/easyswoole/easyswoole/src/ServerManager.php line:117]
[2020-07-06 10:18:58][debug][warning]:[Swoole\Server::start(): Using Xdebug in coroutines is extremely dangerous, please notice that it may lead to coredump! at file:/devin/easyswoole/vendor/easyswoole/easyswoole/src/ServerManager.php line:117]
[2020-07-06 10:18:59][debug][warning]:[Swoole\Server::start(): Using Xdebug in coroutines is extremely dangerous, please notice that it may lead to coredump! at file:/devin/easyswoole/vendor/easyswoole/easyswoole/src/ServerManager.php line:117]
[2020-07-06 10:18:59][debug][warning]:[Swoole\Server::start(): Using Xdebug in coroutines is extremely dangerous, please notice that it may lead to coredump! at file:/devin/easyswoole/vendor/easyswoole/easyswoole/src/ServerManager.php line:117]
[2020-07-06 10:18:59][debug][warning]:[Swoole\Server::start(): Using Xdebug in coroutines is extremely dangerous, please notice that it may lead to coredump! at file:/devin/easyswoole/vendor/easyswoole/easyswoole/src/ServerManager.php line:117]
[2020-07-06 10:18:59][debug][warning]:[Swoole\Server::start(): Using Xdebug in coroutines is extremely dangerous, please notice that it may lead to coredump! at file:/devin/easyswoole/vendor/easyswoole/easyswoole/src/ServerManager.php line:117]
[2020-07-06 10:18:59][debug][warning]:[Swoole\Server::start(): Using Xdebug in coroutines is extremely dangerous, please notice that it may lead to coredump! at file:/devin/easyswoole/vendor/easyswoole/easyswoole/src/ServerManager.php line:117]
[2020-07-06 10:18:59][debug][warning]:[Swoole\Server::start(): Using Xdebug in coroutines is extremely dangerous, please notice that it may lead to coredump! at file:/devin/easyswoole/vendor/easyswoole/easyswoole/src/ServerManager.php line:117]
[2020-07-06 10:18:59][debug][warning]:[Swoole\Server::start(): Using Xdebug in coroutines is extremely dangerous, please notice that it may lead to coredump! at file:/devin/easyswoole/vendor/easyswoole/easyswoole/src/ServerManager.php line:117]
[2020-07-06 10:18:59][debug][warning]:[Swoole\Server::start(): Using Xdebug in coroutines is extremely dangerous, please notice that it may lead to coredump! at file:/devin/easyswoole/vendor/easyswoole/easyswoole/src/ServerManager.php line:117]
[2020-07-06 10:18:59][debug][warning]:[Swoole\Server::start(): Using Xdebug in coroutines is extremely dangerous, please notice that it may lead to coredump! at file:/devin/easyswoole/vendor/easyswoole/easyswoole/src/ServerManager.php line:117]
[2020-07-06 10:18:59][debug][warning]:[Swoole\Server::start(): Using Xdebug in coroutines is extremely dangerous, please notice that it may lead to coredump! at file:/devin/easyswoole/vendor/easyswoole/easyswoole/src/ServerManager.php line:117]
[2020-07-06 10:18:59][debug][error]:[EasySwoole\Task\Worker bind /devin/easyswoole/Temp/EasySwoole.TaskWorker.0.sock fail case Operation not permitted at file:/devin/easyswoole/vendor/easyswoole/component/src/Process/Socket/AbstractUnixProcess.php line:31]
[2020-07-06 10:18:59][debug][error]:[EasySwoole\Task\Worker bind /devin/easyswoole/Temp/EasySwoole.TaskWorker.2.sock fail case Operation not permitted at file:/devin/easyswoole/vendor/easyswoole/component/src/Process/Socket/AbstractUnixProcess.php line:31]
[2020-07-06 10:18:59][debug][error]:[EasySwoole\Task\Worker bind /devin/easyswoole/Temp/EasySwoole.TaskWorker.1.sock fail case Operation not permitted at file:/devin/easyswoole/vendor/easyswoole/component/src/Process/Socket/AbstractUnixProcess.php line:31]
[2020-07-06 10:18:59][debug][error]:[EasySwoole\EasySwoole\Bridge\BridgeProcess bind /devin/easyswoole/Temp/bridge.sock fail case Operation not permitted at file:/devin/easyswoole/vendor/easyswoole/component/src/Process/Socket/AbstractUnixProcess.php line:31]
[2020-07-06 10:18:59][debug][error]:[EasySwoole\Task\Worker bind /devin/easyswoole/Temp/EasySwoole.TaskWorker.3.sock fail case Operation not permitted at file:/devin/easyswoole/vendor/easyswoole/component/src/Process/Socket/AbstractUnixProcess.php line:31]
